<?xml version="1.0" encoding="UTF-8"?>
<!-- Generated by org.testng.reporters.JUnitReportReporter -->
<testsuite hostname="DESKTOP-4POEF2I" failures="0" tests="1" name="Hybridframeworks.Generic_class" time="0.011" errors="0" timestamp="2023-04-11T21:22:39 IST" skipped="0">
  <testcase classname="Hybridframeworks.Generic_class" name="script" time="0.011"/>
  <system-out>
    <![CDATA[shivu]]>
  </system-out>
</testsuite> <!-- Hybridframeworks.Generic_class -->
