<?xml version="1.0" encoding="UTF-8"?>
<!-- Generated by org.testng.reporters.JUnitReportReporter -->
<testsuite hostname="DESKTOP-4POEF2I" failures="0" tests="1" name="Hybridframeworks.Ts_loginwebshop" time="27.089" errors="0" timestamp="2023-07-11T21:04:58 IST" skipped="0">
  <testcase classname="Hybridframeworks.Ts_loginwebshop" name="testscript" time="27.089"/>
  <system-out/>
</testsuite> <!-- Hybridframeworks.Ts_loginwebshop -->
